<?xml version="1.0" encoding="UTF-8"?>
<!-- Generated by org.testng.reporters.JUnitReportReporter -->
<testsuite hostname="DESKTOP-O2TCA49" failures="0" tests="1" name="Pratices.Pratice" time="0.009" errors="0" timestamp="2023-03-27T10:59:55 IST" skipped="0">
  <testcase classname="Pratices.Pratice" name="sample" time="0.009"/>
  <system-out/>
</testsuite> <!-- Pratices.Pratice -->
